[2025-07-30 11:02:18] [INFO] === SĀKAS REGULĀRO UZDEVUMU APSTRĀDE ===
[2025-07-30 11:02:18] [INFO] Pašreizējais laiks: 2025-07-30 11:02:18
[2025-07-30 11:02:18] [INFO] Atrasti 4 aktīvi regulārie šabloni
[2025-07-30 11:02:18] [INFO] --- Apstrādā šablonu #3: Mēneša drošības pārbaude ---
[2025-07-30 11:02:18] [INFO] Laika neatbilstība: plānots 09:00:00, pašreizējais 11:02 - IZLAIŽAM
[2025-07-30 11:02:18] [INFO] --- Apstrādā šablonu #4: Ceturkšņa kalibrēšana ---
[2025-07-30 11:02:18] [INFO] Laika neatbilstība: plānots 10:00:00, pašreizējais 11:02 - IZLAIŽAM
[2025-07-30 11:02:18] [INFO] --- Apstrādā šablonu #6: Iet uz WC ---
[2025-07-30 11:02:18] [INFO] Laika neatbilstība: plānots 09:00:00, pašreizējais 11:02 - IZLAIŽAM
[2025-07-30 11:02:18] [INFO] --- Apstrādā šablonu #2: Nedēļas tīrīšana M2 ---
[2025-07-30 11:02:18] [INFO] Laika neatbilstība: plānots 16:00:00, pašreizējais 11:02 - IZLAIŽAM
[2025-07-30 11:02:18] [INFO] === APSTRĀDE PABEIGTA ===
[2025-07-30 11:02:18] [INFO] Apstrādāti: 4 šabloni
[2025-07-30 11:02:18] [INFO] Izveidoti: 0 uzdevumi
[2025-07-30 11:02:18] [INFO] Izlaisti: 4 šabloni
[2025-07-30 11:02:18] [INFO] =============================
[2025-07-30 12:00:02] [INFO] === SĀKAS REGULĀRO UZDEVUMU APSTRĀDE ===
[2025-07-30 12:00:02] [INFO] Pašreizējais laiks: 2025-07-30 12:00:02
[2025-07-30 12:00:02] [INFO] Atrasti 4 aktīvi regulārie šabloni
[2025-07-30 12:00:02] [INFO] --- Apstrādā šablonu #3: Mēneša drošības pārbaude ---
[2025-07-30 12:00:02] [INFO] Laika neatbilstība: plānots 09:00:00, pašreizējais 12:00 - IZLAIŽAM
[2025-07-30 12:00:02] [INFO] --- Apstrādā šablonu #4: Ceturkšņa kalibrēšana ---
[2025-07-30 12:00:02] [INFO] Laika neatbilstība: plānots 10:00:00, pašreizējais 12:00 - IZLAIŽAM
[2025-07-30 12:00:02] [INFO] --- Apstrādā šablonu #6: Iet uz WC ---
[2025-07-30 12:00:02] [INFO] Laika neatbilstība: plānots 09:00:00, pašreizējais 12:00 - IZLAIŽAM
[2025-07-30 12:00:02] [INFO] --- Apstrādā šablonu #2: Nedēļas tīrīšana M2 ---
[2025-07-30 12:00:02] [INFO] Laika neatbilstība: plānots 16:00:00, pašreizējais 12:00 - IZLAIŽAM
[2025-07-30 12:00:02] [INFO] === APSTRĀDE PABEIGTA ===
[2025-07-30 12:00:02] [INFO] Apstrādāti: 4 šabloni
[2025-07-30 12:00:02] [INFO] Izveidoti: 0 uzdevumi
[2025-07-30 12:00:02] [INFO] Izlaisti: 4 šabloni
[2025-07-30 12:00:02] [INFO] =============================
[2025-07-30 13:00:01] [INFO] === SĀKAS REGULĀRO UZDEVUMU APSTRĀDE ===
[2025-07-30 13:00:01] [INFO] Pašreizējais laiks: 2025-07-30 13:00:01
[2025-07-30 13:00:01] [INFO] Atrasti 4 aktīvi regulārie šabloni
[2025-07-30 13:00:01] [INFO] --- Apstrādā šablonu #3: Mēneša drošības pārbaude ---
[2025-07-30 13:00:01] [INFO] Laika neatbilstība: plānots 09:00:00, pašreizējais 13:00 - IZLAIŽAM
[2025-07-30 13:00:01] [INFO] --- Apstrādā šablonu #4: Ceturkšņa kalibrēšana ---
[2025-07-30 13:00:01] [INFO] Laika neatbilstība: plānots 10:00:00, pašreizējais 13:00 - IZLAIŽAM
[2025-07-30 13:00:01] [INFO] --- Apstrādā šablonu #6: Iet uz WC ---
[2025-07-30 13:00:01] [INFO] Laika neatbilstība: plānots 09:00:00, pašreizējais 13:00 - IZLAIŽAM
[2025-07-30 13:00:01] [INFO] --- Apstrādā šablonu #2: Nedēļas tīrīšana M2 ---
[2025-07-30 13:00:01] [INFO] Laika neatbilstība: plānots 16:00:00, pašreizējais 13:00 - IZLAIŽAM
[2025-07-30 13:00:01] [INFO] === APSTRĀDE PABEIGTA ===
[2025-07-30 13:00:01] [INFO] Apstrādāti: 4 šabloni
[2025-07-30 13:00:01] [INFO] Izveidoti: 0 uzdevumi
[2025-07-30 13:00:01] [INFO] Izlaisti: 4 šabloni
[2025-07-30 13:00:01] [INFO] =============================
[2025-07-30 14:00:01] [INFO] === SĀKAS REGULĀRO UZDEVUMU APSTRĀDE ===
[2025-07-30 14:00:01] [INFO] Pašreizējais laiks: 2025-07-30 14:00:01
[2025-07-30 14:00:01] [INFO] Atrasti 4 aktīvi regulārie šabloni
[2025-07-30 14:00:01] [INFO] --- Apstrādā šablonu #3: Mēneša drošības pārbaude ---
[2025-07-30 14:00:01] [INFO] Laika neatbilstība: plānots 09:00:00, pašreizējais 14:00 - IZLAIŽAM
[2025-07-30 14:00:01] [INFO] --- Apstrādā šablonu #4: Ceturkšņa kalibrēšana ---
[2025-07-30 14:00:01] [INFO] Laika neatbilstība: plānots 10:00:00, pašreizējais 14:00 - IZLAIŽAM
[2025-07-30 14:00:01] [INFO] --- Apstrādā šablonu #6: Iet uz WC ---
[2025-07-30 14:00:01] [INFO] Laika neatbilstība: plānots 09:00:00, pašreizējais 14:00 - IZLAIŽAM
[2025-07-30 14:00:01] [INFO] --- Apstrādā šablonu #2: Nedēļas tīrīšana M2 ---
[2025-07-30 14:00:01] [INFO] Laika neatbilstība: plānots 16:00:00, pašreizējais 14:00 - IZLAIŽAM
[2025-07-30 14:00:01] [INFO] === APSTRĀDE PABEIGTA ===
[2025-07-30 14:00:01] [INFO] Apstrādāti: 4 šabloni
[2025-07-30 14:00:01] [INFO] Izveidoti: 0 uzdevumi
[2025-07-30 14:00:01] [INFO] Izlaisti: 4 šabloni
[2025-07-30 14:00:01] [INFO] =============================
[2025-07-30 15:00:01] [INFO] === SĀKAS REGULĀRO UZDEVUMU APSTRĀDE ===
[2025-07-30 15:00:01] [INFO] Pašreizējais laiks: 2025-07-30 15:00:01
[2025-07-30 15:00:01] [INFO] Atrasti 4 aktīvi regulārie šabloni
[2025-07-30 15:00:01] [INFO] --- Apstrādā šablonu #3: Mēneša drošības pārbaude ---
[2025-07-30 15:00:01] [INFO] Laika neatbilstība: plānots 09:00:00, pašreizējais 15:00 - IZLAIŽAM
[2025-07-30 15:00:01] [INFO] --- Apstrādā šablonu #4: Ceturkšņa kalibrēšana ---
[2025-07-30 15:00:01] [INFO] Laika neatbilstība: plānots 10:00:00, pašreizējais 15:00 - IZLAIŽAM
[2025-07-30 15:00:01] [INFO] --- Apstrādā šablonu #6: Iet uz WC ---
[2025-07-30 15:00:01] [INFO] Laika neatbilstība: plānots 09:00:00, pašreizējais 15:00 - IZLAIŽAM
[2025-07-30 15:00:01] [INFO] --- Apstrādā šablonu #2: Nedēļas tīrīšana M2 ---
[2025-07-30 15:00:01] [INFO] Laika neatbilstība: plānots 16:00:00, pašreizējais 15:00 - IZLAIŽAM
[2025-07-30 15:00:01] [INFO] === APSTRĀDE PABEIGTA ===
[2025-07-30 15:00:01] [INFO] Apstrādāti: 4 šabloni
[2025-07-30 15:00:01] [INFO] Izveidoti: 0 uzdevumi
[2025-07-30 15:00:01] [INFO] Izlaisti: 4 šabloni
[2025-07-30 15:00:01] [INFO] =============================
[2025-07-30 16:00:01] [INFO] === SĀKAS REGULĀRO UZDEVUMU APSTRĀDE ===
[2025-07-30 16:00:01] [INFO] Pašreizējais laiks: 2025-07-30 16:00:01
[2025-07-30 16:00:01] [INFO] Atrasti 4 aktīvi regulārie šabloni
[2025-07-30 16:00:01] [INFO] --- Apstrādā šablonu #3: Mēneša drošības pārbaude ---
[2025-07-30 16:00:01] [INFO] Laika neatbilstība: plānots 09:00:00, pašreizējais 16:00 - IZLAIŽAM
[2025-07-30 16:00:01] [INFO] --- Apstrādā šablonu #4: Ceturkšņa kalibrēšana ---
[2025-07-30 16:00:01] [INFO] Laika neatbilstība: plānots 10:00:00, pašreizējais 16:00 - IZLAIŽAM
[2025-07-30 16:00:01] [INFO] --- Apstrādā šablonu #6: Iet uz WC ---
[2025-07-30 16:00:01] [INFO] Laika neatbilstība: plānots 09:00:00, pašreizējais 16:00 - IZLAIŽAM
[2025-07-30 16:00:01] [INFO] --- Apstrādā šablonu #2: Nedēļas tīrīšana M2 ---
[2025-07-30 16:00:01] [INFO] Laika neatbilstība: plānots 16:00:00, pašreizējais 16:00 - IZLAIŽAM
[2025-07-30 16:00:01] [INFO] === APSTRĀDE PABEIGTA ===
[2025-07-30 16:00:01] [INFO] Apstrādāti: 4 šabloni
[2025-07-30 16:00:01] [INFO] Izveidoti: 0 uzdevumi
[2025-07-30 16:00:01] [INFO] Izlaisti: 4 šabloni
[2025-07-30 16:00:01] [INFO] =============================
[2025-07-30 17:00:01] [INFO] === SĀKAS REGULĀRO UZDEVUMU APSTRĀDE ===
[2025-07-30 17:00:01] [INFO] Pašreizējais laiks: 2025-07-30 17:00:01
[2025-07-30 17:00:01] [INFO] Atrasti 4 aktīvi regulārie šabloni
[2025-07-30 17:00:01] [INFO] --- Apstrādā šablonu #3: Mēneša drošības pārbaude ---
[2025-07-30 17:00:01] [INFO] Laika neatbilstība: plānots 09:00:00, pašreizējais 17:00 - IZLAIŽAM
[2025-07-30 17:00:01] [INFO] --- Apstrādā šablonu #4: Ceturkšņa kalibrēšana ---
[2025-07-30 17:00:01] [INFO] Laika neatbilstība: plānots 10:00:00, pašreizējais 17:00 - IZLAIŽAM
[2025-07-30 17:00:01] [INFO] --- Apstrādā šablonu #6: Iet uz WC ---
[2025-07-30 17:00:01] [INFO] Laika neatbilstība: plānots 09:00:00, pašreizējais 17:00 - IZLAIŽAM
[2025-07-30 17:00:01] [INFO] --- Apstrādā šablonu #2: Nedēļas tīrīšana M2 ---
[2025-07-30 17:00:01] [INFO] Laika neatbilstība: plānots 16:00:00, pašreizējais 17:00 - IZLAIŽAM
[2025-07-30 17:00:01] [INFO] === APSTRĀDE PABEIGTA ===
[2025-07-30 17:00:01] [INFO] Apstrādāti: 4 šabloni
[2025-07-30 17:00:01] [INFO] Izveidoti: 0 uzdevumi
[2025-07-30 17:00:01] [INFO] Izlaisti: 4 šabloni
[2025-07-30 17:00:01] [INFO] =============================
[2025-07-30 18:00:01] [INFO] === SĀKAS REGULĀRO UZDEVUMU APSTRĀDE ===
[2025-07-30 18:00:01] [INFO] Pašreizējais laiks: 2025-07-30 18:00:01
[2025-07-30 18:00:01] [INFO] Atrasti 4 aktīvi regulārie šabloni
[2025-07-30 18:00:01] [INFO] --- Apstrādā šablonu #3: Mēneša drošības pārbaude ---
[2025-07-30 18:00:01] [INFO] Laika neatbilstība: plānots 09:00:00, pašreizējais 18:00 - IZLAIŽAM
[2025-07-30 18:00:01] [INFO] --- Apstrādā šablonu #4: Ceturkšņa kalibrēšana ---
[2025-07-30 18:00:01] [INFO] Laika neatbilstība: plānots 10:00:00, pašreizējais 18:00 - IZLAIŽAM
[2025-07-30 18:00:01] [INFO] --- Apstrādā šablonu #6: Iet uz WC ---
[2025-07-30 18:00:01] [INFO] Laika neatbilstība: plānots 09:00:00, pašreizējais 18:00 - IZLAIŽAM
[2025-07-30 18:00:01] [INFO] --- Apstrādā šablonu #2: Nedēļas tīrīšana M2 ---
[2025-07-30 18:00:01] [INFO] Laika neatbilstība: plānots 16:00:00, pašreizējais 18:00 - IZLAIŽAM
[2025-07-30 18:00:01] [INFO] === APSTRĀDE PABEIGTA ===
[2025-07-30 18:00:01] [INFO] Apstrādāti: 4 šabloni
[2025-07-30 18:00:01] [INFO] Izveidoti: 0 uzdevumi
[2025-07-30 18:00:01] [INFO] Izlaisti: 4 šabloni
[2025-07-30 18:00:01] [INFO] =============================
[2025-07-30 19:00:01] [INFO] === SĀKAS REGULĀRO UZDEVUMU APSTRĀDE ===
[2025-07-30 19:00:01] [INFO] Pašreizējais laiks: 2025-07-30 19:00:01
[2025-07-30 19:00:01] [INFO] Atrasti 4 aktīvi regulārie šabloni
[2025-07-30 19:00:01] [INFO] --- Apstrādā šablonu #3: Mēneša drošības pārbaude ---
[2025-07-30 19:00:01] [INFO] Laika neatbilstība: plānots 09:00:00, pašreizējais 19:00 - IZLAIŽAM
[2025-07-30 19:00:01] [INFO] --- Apstrādā šablonu #4: Ceturkšņa kalibrēšana ---
[2025-07-30 19:00:01] [INFO] Laika neatbilstība: plānots 10:00:00, pašreizējais 19:00 - IZLAIŽAM
[2025-07-30 19:00:01] [INFO] --- Apstrādā šablonu #6: Iet uz WC ---
[2025-07-30 19:00:01] [INFO] Laika neatbilstība: plānots 09:00:00, pašreizējais 19:00 - IZLAIŽAM
[2025-07-30 19:00:01] [INFO] --- Apstrādā šablonu #2: Nedēļas tīrīšana M2 ---
[2025-07-30 19:00:01] [INFO] Laika neatbilstība: plānots 16:00:00, pašreizējais 19:00 - IZLAIŽAM
[2025-07-30 19:00:01] [INFO] === APSTRĀDE PABEIGTA ===
[2025-07-30 19:00:01] [INFO] Apstrādāti: 4 šabloni
[2025-07-30 19:00:01] [INFO] Izveidoti: 0 uzdevumi
[2025-07-30 19:00:01] [INFO] Izlaisti: 4 šabloni
[2025-07-30 19:00:01] [INFO] =============================
[2025-07-30 20:00:01] [INFO] === SĀKAS REGULĀRO UZDEVUMU APSTRĀDE ===
[2025-07-30 20:00:01] [INFO] Pašreizējais laiks: 2025-07-30 20:00:01
[2025-07-30 20:00:01] [INFO] Atrasti 4 aktīvi regulārie šabloni
[2025-07-30 20:00:01] [INFO] --- Apstrādā šablonu #3: Mēneša drošības pārbaude ---
[2025-07-30 20:00:01] [INFO] Laika neatbilstība: plānots 09:00:00, pašreizējais 20:00 - IZLAIŽAM
[2025-07-30 20:00:01] [INFO] --- Apstrādā šablonu #4: Ceturkšņa kalibrēšana ---
[2025-07-30 20:00:01] [INFO] Laika neatbilstība: plānots 10:00:00, pašreizējais 20:00 - IZLAIŽAM
[2025-07-30 20:00:01] [INFO] --- Apstrādā šablonu #6: Iet uz WC ---
[2025-07-30 20:00:01] [INFO] Laika neatbilstība: plānots 09:00:00, pašreizējais 20:00 - IZLAIŽAM
[2025-07-30 20:00:01] [INFO] --- Apstrādā šablonu #2: Nedēļas tīrīšana M2 ---
[2025-07-30 20:00:01] [INFO] Laika neatbilstība: plānots 16:00:00, pašreizējais 20:00 - IZLAIŽAM
[2025-07-30 20:00:01] [INFO] === APSTRĀDE PABEIGTA ===
[2025-07-30 20:00:01] [INFO] Apstrādāti: 4 šabloni
[2025-07-30 20:00:01] [INFO] Izveidoti: 0 uzdevumi
[2025-07-30 20:00:01] [INFO] Izlaisti: 4 šabloni
[2025-07-30 20:00:01] [INFO] =============================
[2025-07-30 21:00:01] [INFO] === SĀKAS REGULĀRO UZDEVUMU APSTRĀDE ===
[2025-07-30 21:00:01] [INFO] Pašreizējais laiks: 2025-07-30 21:00:01
[2025-07-30 21:00:01] [INFO] Atrasti 4 aktīvi regulārie šabloni
[2025-07-30 21:00:01] [INFO] --- Apstrādā šablonu #3: Mēneša drošības pārbaude ---
[2025-07-30 21:00:01] [INFO] Laika neatbilstība: plānots 09:00:00, pašreizējais 21:00 - IZLAIŽAM
[2025-07-30 21:00:01] [INFO] --- Apstrādā šablonu #4: Ceturkšņa kalibrēšana ---
[2025-07-30 21:00:01] [INFO] Laika neatbilstība: plānots 10:00:00, pašreizējais 21:00 - IZLAIŽAM
[2025-07-30 21:00:01] [INFO] --- Apstrādā šablonu #6: Iet uz WC ---
[2025-07-30 21:00:01] [INFO] Laika neatbilstība: plānots 09:00:00, pašreizējais 21:00 - IZLAIŽAM
[2025-07-30 21:00:01] [INFO] --- Apstrādā šablonu #2: Nedēļas tīrīšana M2 ---
[2025-07-30 21:00:01] [INFO] Laika neatbilstība: plānots 16:00:00, pašreizējais 21:00 - IZLAIŽAM
[2025-07-30 21:00:01] [INFO] === APSTRĀDE PABEIGTA ===
[2025-07-30 21:00:01] [INFO] Apstrādāti: 4 šabloni
[2025-07-30 21:00:01] [INFO] Izveidoti: 0 uzdevumi
[2025-07-30 21:00:01] [INFO] Izlaisti: 4 šabloni
[2025-07-30 21:00:01] [INFO] =============================
[2025-07-30 22:00:01] [INFO] === SĀKAS REGULĀRO UZDEVUMU APSTRĀDE ===
[2025-07-30 22:00:01] [INFO] Pašreizējais laiks: 2025-07-30 22:00:01
[2025-07-30 22:00:01] [INFO] Atrasti 4 aktīvi regulārie šabloni
[2025-07-30 22:00:01] [INFO] --- Apstrādā šablonu #3: Mēneša drošības pārbaude ---
[2025-07-30 22:00:01] [INFO] Laika neatbilstība: plānots 09:00:00, pašreizējais 22:00 - IZLAIŽAM
[2025-07-30 22:00:01] [INFO] --- Apstrādā šablonu #4: Ceturkšņa kalibrēšana ---
[2025-07-30 22:00:01] [INFO] Laika neatbilstība: plānots 10:00:00, pašreizējais 22:00 - IZLAIŽAM
[2025-07-30 22:00:01] [INFO] --- Apstrādā šablonu #6: Iet uz WC ---
[2025-07-30 22:00:01] [INFO] Laika neatbilstība: plānots 09:00:00, pašreizējais 22:00 - IZLAIŽAM
[2025-07-30 22:00:01] [INFO] --- Apstrādā šablonu #2: Nedēļas tīrīšana M2 ---
[2025-07-30 22:00:01] [INFO] Laika neatbilstība: plānots 16:00:00, pašreizējais 22:00 - IZLAIŽAM
[2025-07-30 22:00:01] [INFO] === APSTRĀDE PABEIGTA ===
[2025-07-30 22:00:01] [INFO] Apstrādāti: 4 šabloni
[2025-07-30 22:00:01] [INFO] Izveidoti: 0 uzdevumi
[2025-07-30 22:00:01] [INFO] Izlaisti: 4 šabloni
[2025-07-30 22:00:01] [INFO] =============================
[2025-07-30 23:00:01] [INFO] === SĀKAS REGULĀRO UZDEVUMU APSTRĀDE ===
[2025-07-30 23:00:01] [INFO] Pašreizējais laiks: 2025-07-30 23:00:01
[2025-07-30 23:00:01] [INFO] Atrasti 4 aktīvi regulārie šabloni
[2025-07-30 23:00:01] [INFO] --- Apstrādā šablonu #3: Mēneša drošības pārbaude ---
[2025-07-30 23:00:01] [INFO] Laika neatbilstība: plānots 09:00:00, pašreizējais 23:00 - IZLAIŽAM
[2025-07-30 23:00:01] [INFO] --- Apstrādā šablonu #4: Ceturkšņa kalibrēšana ---
[2025-07-30 23:00:01] [INFO] Laika neatbilstība: plānots 10:00:00, pašreizējais 23:00 - IZLAIŽAM
[2025-07-30 23:00:01] [INFO] --- Apstrādā šablonu #6: Iet uz WC ---
[2025-07-30 23:00:01] [INFO] Laika neatbilstība: plānots 09:00:00, pašreizējais 23:00 - IZLAIŽAM
[2025-07-30 23:00:01] [INFO] --- Apstrādā šablonu #2: Nedēļas tīrīšana M2 ---
[2025-07-30 23:00:01] [INFO] Laika neatbilstība: plānots 16:00:00, pašreizējais 23:00 - IZLAIŽAM
[2025-07-30 23:00:01] [INFO] === APSTRĀDE PABEIGTA ===
[2025-07-30 23:00:01] [INFO] Apstrādāti: 4 šabloni
[2025-07-30 23:00:01] [INFO] Izveidoti: 0 uzdevumi
[2025-07-30 23:00:01] [INFO] Izlaisti: 4 šabloni
[2025-07-30 23:00:01] [INFO] =============================
[2025-07-31 00:00:01] [INFO] === SĀKAS REGULĀRO UZDEVUMU APSTRĀDE ===
[2025-07-31 00:00:01] [INFO] Pašreizējais laiks: 2025-07-31 00:00:01
[2025-07-31 00:00:01] [INFO] Atrasti 4 aktīvi regulārie šabloni
[2025-07-31 00:00:01] [INFO] --- Apstrādā šablonu #3: Mēneša drošības pārbaude ---
[2025-07-31 00:00:01] [INFO] Laika neatbilstība: plānots 09:00:00, pašreizējais 00:00 - IZLAIŽAM
[2025-07-31 00:00:01] [INFO] --- Apstrādā šablonu #4: Ceturkšņa kalibrēšana ---
[2025-07-31 00:00:01] [INFO] Laika neatbilstība: plānots 10:00:00, pašreizējais 00:00 - IZLAIŽAM
[2025-07-31 00:00:01] [INFO] --- Apstrādā šablonu #6: Iet uz WC ---
[2025-07-31 00:00:01] [INFO] Laika neatbilstība: plānots 09:00:00, pašreizējais 00:00 - IZLAIŽAM
[2025-07-31 00:00:01] [INFO] --- Apstrādā šablonu #2: Nedēļas tīrīšana M2 ---
[2025-07-31 00:00:01] [INFO] Laika neatbilstība: plānots 16:00:00, pašreizējais 00:00 - IZLAIŽAM
[2025-07-31 00:00:01] [INFO] === APSTRĀDE PABEIGTA ===
[2025-07-31 00:00:01] [INFO] Apstrādāti: 4 šabloni
[2025-07-31 00:00:01] [INFO] Izveidoti: 0 uzdevumi
[2025-07-31 00:00:01] [INFO] Izlaisti: 4 šabloni
[2025-07-31 00:00:01] [INFO] =============================
[2025-07-31 01:00:01] [INFO] === SĀKAS REGULĀRO UZDEVUMU APSTRĀDE ===
[2025-07-31 01:00:01] [INFO] Pašreizējais laiks: 2025-07-31 01:00:01
[2025-07-31 01:00:01] [INFO] Atrasti 4 aktīvi regulārie šabloni
[2025-07-31 01:00:01] [INFO] --- Apstrādā šablonu #3: Mēneša drošības pārbaude ---
[2025-07-31 01:00:01] [INFO] Laika neatbilstība: plānots 09:00:00, pašreizējais 01:00 - IZLAIŽAM
[2025-07-31 01:00:01] [INFO] --- Apstrādā šablonu #4: Ceturkšņa kalibrēšana ---
[2025-07-31 01:00:01] [INFO] Laika neatbilstība: plānots 10:00:00, pašreizējais 01:00 - IZLAIŽAM
[2025-07-31 01:00:01] [INFO] --- Apstrādā šablonu #6: Iet uz WC ---
[2025-07-31 01:00:01] [INFO] Laika neatbilstība: plānots 09:00:00, pašreizējais 01:00 - IZLAIŽAM
[2025-07-31 01:00:01] [INFO] --- Apstrādā šablonu #2: Nedēļas tīrīšana M2 ---
[2025-07-31 01:00:01] [INFO] Laika neatbilstība: plānots 16:00:00, pašreizējais 01:00 - IZLAIŽAM
[2025-07-31 01:00:01] [INFO] === APSTRĀDE PABEIGTA ===
[2025-07-31 01:00:01] [INFO] Apstrādāti: 4 šabloni
[2025-07-31 01:00:01] [INFO] Izveidoti: 0 uzdevumi
[2025-07-31 01:00:01] [INFO] Izlaisti: 4 šabloni
[2025-07-31 01:00:01] [INFO] =============================
[2025-07-31 02:00:01] [INFO] === SĀKAS REGULĀRO UZDEVUMU APSTRĀDE ===
[2025-07-31 02:00:01] [INFO] Pašreizējais laiks: 2025-07-31 02:00:01
[2025-07-31 02:00:01] [INFO] Atrasti 4 aktīvi regulārie šabloni
[2025-07-31 02:00:01] [INFO] --- Apstrādā šablonu #3: Mēneša drošības pārbaude ---
[2025-07-31 02:00:01] [INFO] Laika neatbilstība: plānots 09:00:00, pašreizējais 02:00 - IZLAIŽAM
[2025-07-31 02:00:01] [INFO] --- Apstrādā šablonu #4: Ceturkšņa kalibrēšana ---
[2025-07-31 02:00:01] [INFO] Laika neatbilstība: plānots 10:00:00, pašreizējais 02:00 - IZLAIŽAM
[2025-07-31 02:00:01] [INFO] --- Apstrādā šablonu #6: Iet uz WC ---
[2025-07-31 02:00:01] [INFO] Laika neatbilstība: plānots 09:00:00, pašreizējais 02:00 - IZLAIŽAM
[2025-07-31 02:00:01] [INFO] --- Apstrādā šablonu #2: Nedēļas tīrīšana M2 ---
[2025-07-31 02:00:01] [INFO] Laika neatbilstība: plānots 16:00:00, pašreizējais 02:00 - IZLAIŽAM
[2025-07-31 02:00:01] [INFO] === APSTRĀDE PABEIGTA ===
[2025-07-31 02:00:01] [INFO] Apstrādāti: 4 šabloni
[2025-07-31 02:00:01] [INFO] Izveidoti: 0 uzdevumi
[2025-07-31 02:00:01] [INFO] Izlaisti: 4 šabloni
[2025-07-31 02:00:01] [INFO] =============================
[2025-07-31 03:00:02] [INFO] === SĀKAS REGULĀRO UZDEVUMU APSTRĀDE ===
[2025-07-31 03:00:02] [INFO] Pašreizējais laiks: 2025-07-31 03:00:02
[2025-07-31 03:00:02] [INFO] Atrasti 4 aktīvi regulārie šabloni
[2025-07-31 03:00:02] [INFO] --- Apstrādā šablonu #3: Mēneša drošības pārbaude ---
[2025-07-31 03:00:02] [INFO] Laika neatbilstība: plānots 09:00:00, pašreizējais 03:00 - IZLAIŽAM
[2025-07-31 03:00:02] [INFO] --- Apstrādā šablonu #4: Ceturkšņa kalibrēšana ---
[2025-07-31 03:00:02] [INFO] Laika neatbilstība: plānots 10:00:00, pašreizējais 03:00 - IZLAIŽAM
[2025-07-31 03:00:02] [INFO] --- Apstrādā šablonu #6: Iet uz WC ---
[2025-07-31 03:00:02] [INFO] Laika neatbilstība: plānots 09:00:00, pašreizējais 03:00 - IZLAIŽAM
[2025-07-31 03:00:02] [INFO] --- Apstrādā šablonu #2: Nedēļas tīrīšana M2 ---
[2025-07-31 03:00:02] [INFO] Laika neatbilstība: plānots 16:00:00, pašreizējais 03:00 - IZLAIŽAM
[2025-07-31 03:00:02] [INFO] === APSTRĀDE PABEIGTA ===
[2025-07-31 03:00:02] [INFO] Apstrādāti: 4 šabloni
[2025-07-31 03:00:02] [INFO] Izveidoti: 0 uzdevumi
[2025-07-31 03:00:02] [INFO] Izlaisti: 4 šabloni
[2025-07-31 03:00:02] [INFO] =============================
[2025-07-31 04:00:01] [INFO] === SĀKAS REGULĀRO UZDEVUMU APSTRĀDE ===
[2025-07-31 04:00:01] [INFO] Pašreizējais laiks: 2025-07-31 04:00:01
[2025-07-31 04:00:01] [INFO] Atrasti 4 aktīvi regulārie šabloni
[2025-07-31 04:00:01] [INFO] --- Apstrādā šablonu #3: Mēneša drošības pārbaude ---
[2025-07-31 04:00:01] [INFO] Laika neatbilstība: plānots 09:00:00, pašreizējais 04:00 - IZLAIŽAM
[2025-07-31 04:00:01] [INFO] --- Apstrādā šablonu #4: Ceturkšņa kalibrēšana ---
[2025-07-31 04:00:01] [INFO] Laika neatbilstība: plānots 10:00:00, pašreizējais 04:00 - IZLAIŽAM
[2025-07-31 04:00:01] [INFO] --- Apstrādā šablonu #6: Iet uz WC ---
[2025-07-31 04:00:01] [INFO] Laika neatbilstība: plānots 09:00:00, pašreizējais 04:00 - IZLAIŽAM
[2025-07-31 04:00:01] [INFO] --- Apstrādā šablonu #2: Nedēļas tīrīšana M2 ---
[2025-07-31 04:00:01] [INFO] Laika neatbilstība: plānots 16:00:00, pašreizējais 04:00 - IZLAIŽAM
[2025-07-31 04:00:01] [INFO] === APSTRĀDE PABEIGTA ===
[2025-07-31 04:00:01] [INFO] Apstrādāti: 4 šabloni
[2025-07-31 04:00:01] [INFO] Izveidoti: 0 uzdevumi
[2025-07-31 04:00:01] [INFO] Izlaisti: 4 šabloni
[2025-07-31 04:00:01] [INFO] =============================
[2025-07-31 05:00:01] [INFO] === SĀKAS REGULĀRO UZDEVUMU APSTRĀDE ===
[2025-07-31 05:00:01] [INFO] Pašreizējais laiks: 2025-07-31 05:00:01
[2025-07-31 05:00:01] [INFO] Atrasti 4 aktīvi regulārie šabloni
[2025-07-31 05:00:01] [INFO] --- Apstrādā šablonu #3: Mēneša drošības pārbaude ---
[2025-07-31 05:00:01] [INFO] Laika neatbilstība: plānots 09:00:00, pašreizējais 05:00 - IZLAIŽAM
[2025-07-31 05:00:01] [INFO] --- Apstrādā šablonu #4: Ceturkšņa kalibrēšana ---
[2025-07-31 05:00:01] [INFO] Laika neatbilstība: plānots 10:00:00, pašreizējais 05:00 - IZLAIŽAM
[2025-07-31 05:00:01] [INFO] --- Apstrādā šablonu #6: Iet uz WC ---
[2025-07-31 05:00:01] [INFO] Laika neatbilstība: plānots 09:00:00, pašreizējais 05:00 - IZLAIŽAM
[2025-07-31 05:00:01] [INFO] --- Apstrādā šablonu #2: Nedēļas tīrīšana M2 ---
[2025-07-31 05:00:01] [INFO] Laika neatbilstība: plānots 16:00:00, pašreizējais 05:00 - IZLAIŽAM
[2025-07-31 05:00:01] [INFO] === APSTRĀDE PABEIGTA ===
[2025-07-31 05:00:01] [INFO] Apstrādāti: 4 šabloni
[2025-07-31 05:00:01] [INFO] Izveidoti: 0 uzdevumi
[2025-07-31 05:00:01] [INFO] Izlaisti: 4 šabloni
[2025-07-31 05:00:01] [INFO] =============================
[2025-07-31 06:00:01] [INFO] === SĀKAS REGULĀRO UZDEVUMU APSTRĀDE ===
[2025-07-31 06:00:01] [INFO] Pašreizējais laiks: 2025-07-31 06:00:01
[2025-07-31 06:00:01] [INFO] Atrasti 4 aktīvi regulārie šabloni
[2025-07-31 06:00:01] [INFO] --- Apstrādā šablonu #3: Mēneša drošības pārbaude ---
[2025-07-31 06:00:01] [INFO] Laika neatbilstība: plānots 09:00:00, pašreizējais 06:00 - IZLAIŽAM
[2025-07-31 06:00:01] [INFO] --- Apstrādā šablonu #4: Ceturkšņa kalibrēšana ---
[2025-07-31 06:00:01] [INFO] Laika neatbilstība: plānots 10:00:00, pašreizējais 06:00 - IZLAIŽAM
[2025-07-31 06:00:01] [INFO] --- Apstrādā šablonu #6: Iet uz WC ---
[2025-07-31 06:00:01] [INFO] Laika neatbilstība: plānots 09:00:00, pašreizējais 06:00 - IZLAIŽAM
[2025-07-31 06:00:01] [INFO] --- Apstrādā šablonu #2: Nedēļas tīrīšana M2 ---
[2025-07-31 06:00:01] [INFO] Laika neatbilstība: plānots 16:00:00, pašreizējais 06:00 - IZLAIŽAM
[2025-07-31 06:00:01] [INFO] === APSTRĀDE PABEIGTA ===
[2025-07-31 06:00:01] [INFO] Apstrādāti: 4 šabloni
[2025-07-31 06:00:01] [INFO] Izveidoti: 0 uzdevumi
[2025-07-31 06:00:01] [INFO] Izlaisti: 4 šabloni
[2025-07-31 06:00:01] [INFO] =============================
[2025-07-31 07:00:01] [INFO] === SĀKAS REGULĀRO UZDEVUMU APSTRĀDE ===
[2025-07-31 07:00:01] [INFO] Pašreizējais laiks: 2025-07-31 07:00:01
[2025-07-31 07:00:01] [INFO] Atrasti 4 aktīvi regulārie šabloni
[2025-07-31 07:00:01] [INFO] --- Apstrādā šablonu #3: Mēneša drošības pārbaude ---
[2025-07-31 07:00:01] [INFO] Laika neatbilstība: plānots 09:00:00, pašreizējais 07:00 - IZLAIŽAM
[2025-07-31 07:00:01] [INFO] --- Apstrādā šablonu #4: Ceturkšņa kalibrēšana ---
[2025-07-31 07:00:01] [INFO] Laika neatbilstība: plānots 10:00:00, pašreizējais 07:00 - IZLAIŽAM
[2025-07-31 07:00:01] [INFO] --- Apstrādā šablonu #6: Iet uz WC ---
[2025-07-31 07:00:01] [INFO] Laika neatbilstība: plānots 09:00:00, pašreizējais 07:00 - IZLAIŽAM
[2025-07-31 07:00:01] [INFO] --- Apstrādā šablonu #2: Nedēļas tīrīšana M2 ---
[2025-07-31 07:00:01] [INFO] Laika neatbilstība: plānots 16:00:00, pašreizējais 07:00 - IZLAIŽAM
[2025-07-31 07:00:01] [INFO] === APSTRĀDE PABEIGTA ===
[2025-07-31 07:00:01] [INFO] Apstrādāti: 4 šabloni
[2025-07-31 07:00:01] [INFO] Izveidoti: 0 uzdevumi
[2025-07-31 07:00:01] [INFO] Izlaisti: 4 šabloni
[2025-07-31 07:00:01] [INFO] =============================
[2025-07-31 08:00:01] [INFO] === SĀKAS REGULĀRO UZDEVUMU APSTRĀDE ===
[2025-07-31 08:00:01] [INFO] Pašreizējais laiks: 2025-07-31 08:00:01
[2025-07-31 08:00:01] [INFO] Atrasti 4 aktīvi regulārie šabloni
[2025-07-31 08:00:01] [INFO] --- Apstrādā šablonu #3: Mēneša drošības pārbaude ---
[2025-07-31 08:00:01] [INFO] Laika neatbilstība: plānots 09:00:00, pašreizējais 08:00 - IZLAIŽAM
[2025-07-31 08:00:01] [INFO] --- Apstrādā šablonu #4: Ceturkšņa kalibrēšana ---
[2025-07-31 08:00:01] [INFO] Laika neatbilstība: plānots 10:00:00, pašreizējais 08:00 - IZLAIŽAM
[2025-07-31 08:00:01] [INFO] --- Apstrādā šablonu #6: Iet uz WC ---
[2025-07-31 08:00:01] [INFO] Laika neatbilstība: plānots 09:00:00, pašreizējais 08:00 - IZLAIŽAM
[2025-07-31 08:00:01] [INFO] --- Apstrādā šablonu #2: Nedēļas tīrīšana M2 ---
[2025-07-31 08:00:01] [INFO] Laika neatbilstība: plānots 16:00:00, pašreizējais 08:00 - IZLAIŽAM
[2025-07-31 08:00:01] [INFO] === APSTRĀDE PABEIGTA ===
[2025-07-31 08:00:01] [INFO] Apstrādāti: 4 šabloni
[2025-07-31 08:00:01] [INFO] Izveidoti: 0 uzdevumi
[2025-07-31 08:00:01] [INFO] Izlaisti: 4 šabloni
[2025-07-31 08:00:01] [INFO] =============================
[2025-07-31 09:00:01] [INFO] === SĀKAS REGULĀRO UZDEVUMU APSTRĀDE ===
[2025-07-31 09:00:01] [INFO] Pašreizējais laiks: 2025-07-31 09:00:01
[2025-07-31 09:00:01] [INFO] Atrasti 4 aktīvi regulārie šabloni
[2025-07-31 09:00:01] [INFO] --- Apstrādā šablonu #3: Mēneša drošības pārbaude ---
[2025-07-31 09:00:01] [INFO] Laika neatbilstība: plānots 09:00:00, pašreizējais 09:00 - IZLAIŽAM
[2025-07-31 09:00:01] [INFO] --- Apstrādā šablonu #4: Ceturkšņa kalibrēšana ---
[2025-07-31 09:00:01] [INFO] Laika neatbilstība: plānots 10:00:00, pašreizējais 09:00 - IZLAIŽAM
[2025-07-31 09:00:01] [INFO] --- Apstrādā šablonu #6: Iet uz WC ---
[2025-07-31 09:00:01] [INFO] Laika neatbilstība: plānots 09:00:00, pašreizējais 09:00 - IZLAIŽAM
[2025-07-31 09:00:01] [INFO] --- Apstrādā šablonu #2: Nedēļas tīrīšana M2 ---
[2025-07-31 09:00:01] [INFO] Laika neatbilstība: plānots 16:00:00, pašreizējais 09:00 - IZLAIŽAM
[2025-07-31 09:00:01] [INFO] === APSTRĀDE PABEIGTA ===
[2025-07-31 09:00:01] [INFO] Apstrādāti: 4 šabloni
[2025-07-31 09:00:01] [INFO] Izveidoti: 0 uzdevumi
[2025-07-31 09:00:01] [INFO] Izlaisti: 4 šabloni
[2025-07-31 09:00:01] [INFO] =============================
[2025-07-31 10:00:01] [INFO] === SĀKAS REGULĀRO UZDEVUMU APSTRĀDE ===
[2025-07-31 10:00:01] [INFO] Pašreizējais laiks: 2025-07-31 10:00:01
[2025-07-31 10:00:01] [INFO] Atrasti 4 aktīvi regulārie šabloni
[2025-07-31 10:00:01] [INFO] --- Apstrādā šablonu #3: Mēneša drošības pārbaude ---
[2025-07-31 10:00:01] [INFO] Laika neatbilstība: plānots 09:00:00, pašreizējais 10:00 - IZLAIŽAM
[2025-07-31 10:00:01] [INFO] --- Apstrādā šablonu #4: Ceturkšņa kalibrēšana ---
[2025-07-31 10:00:01] [INFO] Laika neatbilstība: plānots 10:00:00, pašreizējais 10:00 - IZLAIŽAM
[2025-07-31 10:00:01] [INFO] --- Apstrādā šablonu #6: Iet uz WC ---
[2025-07-31 10:00:01] [INFO] Laika neatbilstība: plānots 09:00:00, pašreizējais 10:00 - IZLAIŽAM
[2025-07-31 10:00:01] [INFO] --- Apstrādā šablonu #2: Nedēļas tīrīšana M2 ---
[2025-07-31 10:00:01] [INFO] Laika neatbilstība: plānots 16:00:00, pašreizējais 10:00 - IZLAIŽAM
[2025-07-31 10:00:01] [INFO] === APSTRĀDE PABEIGTA ===
[2025-07-31 10:00:01] [INFO] Apstrādāti: 4 šabloni
[2025-07-31 10:00:01] [INFO] Izveidoti: 0 uzdevumi
[2025-07-31 10:00:01] [INFO] Izlaisti: 4 šabloni
[2025-07-31 10:00:01] [INFO] =============================
[2025-07-31 11:00:01] [INFO] === SĀKAS REGULĀRO UZDEVUMU APSTRĀDE ===
[2025-07-31 11:00:01] [INFO] Pašreizējais laiks: 2025-07-31 11:00:01
[2025-07-31 11:00:01] [INFO] Atrasti 4 aktīvi regulārie šabloni
[2025-07-31 11:00:01] [INFO] --- Apstrādā šablonu #3: Mēneša drošības pārbaude ---
[2025-07-31 11:00:01] [INFO] Laika neatbilstība: plānots 09:00:00, pašreizējais 11:00 - IZLAIŽAM
[2025-07-31 11:00:01] [INFO] --- Apstrādā šablonu #4: Ceturkšņa kalibrēšana ---
[2025-07-31 11:00:01] [INFO] Laika neatbilstība: plānots 10:00:00, pašreizējais 11:00 - IZLAIŽAM
[2025-07-31 11:00:01] [INFO] --- Apstrādā šablonu #6: Iet uz WC ---
[2025-07-31 11:00:01] [INFO] Laika neatbilstība: plānots 09:00:00, pašreizējais 11:00 - IZLAIŽAM
[2025-07-31 11:00:01] [INFO] --- Apstrādā šablonu #2: Nedēļas tīrīšana M2 ---
[2025-07-31 11:00:01] [INFO] Laika neatbilstība: plānots 16:00:00, pašreizējais 11:00 - IZLAIŽAM
[2025-07-31 11:00:01] [INFO] === APSTRĀDE PABEIGTA ===
[2025-07-31 11:00:01] [INFO] Apstrādāti: 4 šabloni
[2025-07-31 11:00:01] [INFO] Izveidoti: 0 uzdevumi
[2025-07-31 11:00:01] [INFO] Izlaisti: 4 šabloni
[2025-07-31 11:00:01] [INFO] =============================
[2025-07-31 12:00:01] [INFO] === SĀKAS REGULĀRO UZDEVUMU APSTRĀDE ===
[2025-07-31 12:00:01] [INFO] Pašreizējais laiks: 2025-07-31 12:00:01
[2025-07-31 12:00:01] [INFO] Atrasti 4 aktīvi regulārie šabloni
[2025-07-31 12:00:01] [INFO] --- Apstrādā šablonu #3: Mēneša drošības pārbaude ---
[2025-07-31 12:00:01] [INFO] Laika neatbilstība: plānots 09:00:00, pašreizējais 12:00 - IZLAIŽAM
[2025-07-31 12:00:01] [INFO] --- Apstrādā šablonu #4: Ceturkšņa kalibrēšana ---
[2025-07-31 12:00:01] [INFO] Laika neatbilstība: plānots 10:00:00, pašreizējais 12:00 - IZLAIŽAM
[2025-07-31 12:00:01] [INFO] --- Apstrādā šablonu #6: Iet uz WC ---
[2025-07-31 12:00:01] [INFO] Laika neatbilstība: plānots 09:00:00, pašreizējais 12:00 - IZLAIŽAM
[2025-07-31 12:00:01] [INFO] --- Apstrādā šablonu #2: Nedēļas tīrīšana M2 ---
[2025-07-31 12:00:01] [INFO] Laika neatbilstība: plānots 16:00:00, pašreizējais 12:00 - IZLAIŽAM
[2025-07-31 12:00:01] [INFO] === APSTRĀDE PABEIGTA ===
[2025-07-31 12:00:01] [INFO] Apstrādāti: 4 šabloni
[2025-07-31 12:00:01] [INFO] Izveidoti: 0 uzdevumi
[2025-07-31 12:00:01] [INFO] Izlaisti: 4 šabloni
[2025-07-31 12:00:01] [INFO] =============================
[2025-07-31 13:00:01] [INFO] === SĀKAS REGULĀRO UZDEVUMU APSTRĀDE ===
[2025-07-31 13:00:01] [INFO] Pašreizējais laiks: 2025-07-31 13:00:01
[2025-07-31 13:00:01] [INFO] Atrasti 4 aktīvi regulārie šabloni
[2025-07-31 13:00:01] [INFO] --- Apstrādā šablonu #3: Mēneša drošības pārbaude ---
[2025-07-31 13:00:01] [INFO] Laika neatbilstība: plānots 09:00:00, pašreizējais 13:00 - IZLAIŽAM
[2025-07-31 13:00:01] [INFO] --- Apstrādā šablonu #4: Ceturkšņa kalibrēšana ---
[2025-07-31 13:00:01] [INFO] Laika neatbilstība: plānots 10:00:00, pašreizējais 13:00 - IZLAIŽAM
[2025-07-31 13:00:01] [INFO] --- Apstrādā šablonu #6: Iet uz WC ---
[2025-07-31 13:00:01] [INFO] Laika neatbilstība: plānots 09:00:00, pašreizējais 13:00 - IZLAIŽAM
[2025-07-31 13:00:01] [INFO] --- Apstrādā šablonu #2: Nedēļas tīrīšana M2 ---
[2025-07-31 13:00:01] [INFO] Laika neatbilstība: plānots 16:00:00, pašreizējais 13:00 - IZLAIŽAM
[2025-07-31 13:00:01] [INFO] === APSTRĀDE PABEIGTA ===
[2025-07-31 13:00:01] [INFO] Apstrādāti: 4 šabloni
[2025-07-31 13:00:01] [INFO] Izveidoti: 0 uzdevumi
[2025-07-31 13:00:01] [INFO] Izlaisti: 4 šabloni
[2025-07-31 13:00:01] [INFO] =============================
[2025-07-31 14:00:01] [INFO] === SĀKAS REGULĀRO UZDEVUMU APSTRĀDE ===
[2025-07-31 14:00:01] [INFO] Pašreizējais laiks: 2025-07-31 14:00:01
[2025-07-31 14:00:01] [INFO] Atrasti 4 aktīvi regulārie šabloni
[2025-07-31 14:00:01] [INFO] --- Apstrādā šablonu #3: Mēneša drošības pārbaude ---
[2025-07-31 14:00:01] [INFO] Laika neatbilstība: plānots 09:00:00, pašreizējais 14:00 - IZLAIŽAM
[2025-07-31 14:00:01] [INFO] --- Apstrādā šablonu #4: Ceturkšņa kalibrēšana ---
[2025-07-31 14:00:01] [INFO] Laika neatbilstība: plānots 10:00:00, pašreizējais 14:00 - IZLAIŽAM
[2025-07-31 14:00:01] [INFO] --- Apstrādā šablonu #6: Iet uz WC ---
[2025-07-31 14:00:01] [INFO] Laika neatbilstība: plānots 09:00:00, pašreizējais 14:00 - IZLAIŽAM
[2025-07-31 14:00:01] [INFO] --- Apstrādā šablonu #2: Nedēļas tīrīšana M2 ---
[2025-07-31 14:00:01] [INFO] Laika neatbilstība: plānots 16:00:00, pašreizējais 14:00 - IZLAIŽAM
[2025-07-31 14:00:01] [INFO] === APSTRĀDE PABEIGTA ===
[2025-07-31 14:00:01] [INFO] Apstrādāti: 4 šabloni
[2025-07-31 14:00:01] [INFO] Izveidoti: 0 uzdevumi
[2025-07-31 14:00:01] [INFO] Izlaisti: 4 šabloni
[2025-07-31 14:00:01] [INFO] =============================
[2025-07-31 15:00:01] [INFO] === SĀKAS REGULĀRO UZDEVUMU APSTRĀDE ===
[2025-07-31 15:00:01] [INFO] Pašreizējais laiks: 2025-07-31 15:00:01
[2025-07-31 15:00:01] [INFO] Atrasti 4 aktīvi regulārie šabloni
[2025-07-31 15:00:01] [INFO] --- Apstrādā šablonu #3: Mēneša drošības pārbaude ---
[2025-07-31 15:00:01] [INFO] Laika neatbilstība: plānots 09:00:00, pašreizējais 15:00 - IZLAIŽAM
[2025-07-31 15:00:01] [INFO] --- Apstrādā šablonu #4: Ceturkšņa kalibrēšana ---
[2025-07-31 15:00:01] [INFO] Laika neatbilstība: plānots 10:00:00, pašreizējais 15:00 - IZLAIŽAM
[2025-07-31 15:00:01] [INFO] --- Apstrādā šablonu #6: Iet uz WC ---
[2025-07-31 15:00:01] [INFO] Laika neatbilstība: plānots 09:00:00, pašreizējais 15:00 - IZLAIŽAM
[2025-07-31 15:00:01] [INFO] --- Apstrādā šablonu #2: Nedēļas tīrīšana M2 ---
[2025-07-31 15:00:01] [INFO] Laika neatbilstība: plānots 16:00:00, pašreizējais 15:00 - IZLAIŽAM
[2025-07-31 15:00:01] [INFO] === APSTRĀDE PABEIGTA ===
[2025-07-31 15:00:01] [INFO] Apstrādāti: 4 šabloni
[2025-07-31 15:00:01] [INFO] Izveidoti: 0 uzdevumi
[2025-07-31 15:00:01] [INFO] Izlaisti: 4 šabloni
[2025-07-31 15:00:01] [INFO] =============================
[2025-07-31 16:00:01] [INFO] === SĀKAS REGULĀRO UZDEVUMU APSTRĀDE ===
[2025-07-31 16:00:01] [INFO] Pašreizējais laiks: 2025-07-31 16:00:01
[2025-07-31 16:00:01] [INFO] Atrasti 4 aktīvi regulārie šabloni
[2025-07-31 16:00:01] [INFO] --- Apstrādā šablonu #3: Mēneša drošības pārbaude ---
[2025-07-31 16:00:01] [INFO] Laika neatbilstība: plānots 09:00:00, pašreizējais 16:00 - IZLAIŽAM
[2025-07-31 16:00:01] [INFO] --- Apstrādā šablonu #4: Ceturkšņa kalibrēšana ---
[2025-07-31 16:00:01] [INFO] Laika neatbilstība: plānots 10:00:00, pašreizējais 16:00 - IZLAIŽAM
[2025-07-31 16:00:01] [INFO] --- Apstrādā šablonu #6: Iet uz WC ---
[2025-07-31 16:00:01] [INFO] Laika neatbilstība: plānots 09:00:00, pašreizējais 16:00 - IZLAIŽAM
[2025-07-31 16:00:01] [INFO] --- Apstrādā šablonu #2: Nedēļas tīrīšana M2 ---
[2025-07-31 16:00:01] [INFO] Laika neatbilstība: plānots 16:00:00, pašreizējais 16:00 - IZLAIŽAM
[2025-07-31 16:00:01] [INFO] === APSTRĀDE PABEIGTA ===
[2025-07-31 16:00:01] [INFO] Apstrādāti: 4 šabloni
[2025-07-31 16:00:01] [INFO] Izveidoti: 0 uzdevumi
[2025-07-31 16:00:01] [INFO] Izlaisti: 4 šabloni
[2025-07-31 16:00:01] [INFO] =============================
[2025-07-31 17:00:01] [INFO] === SĀKAS REGULĀRO UZDEVUMU APSTRĀDE ===
[2025-07-31 17:00:01] [INFO] Pašreizējais laiks: 2025-07-31 17:00:01
[2025-07-31 17:00:01] [INFO] Atrasti 4 aktīvi regulārie šabloni
[2025-07-31 17:00:01] [INFO] --- Apstrādā šablonu #3: Mēneša drošības pārbaude ---
[2025-07-31 17:00:01] [INFO] Laika neatbilstība: plānots 09:00:00, pašreizējais 17:00 - IZLAIŽAM
[2025-07-31 17:00:01] [INFO] --- Apstrādā šablonu #4: Ceturkšņa kalibrēšana ---
[2025-07-31 17:00:01] [INFO] Laika neatbilstība: plānots 10:00:00, pašreizējais 17:00 - IZLAIŽAM
[2025-07-31 17:00:01] [INFO] --- Apstrādā šablonu #6: Iet uz WC ---
[2025-07-31 17:00:01] [INFO] Laika neatbilstība: plānots 09:00:00, pašreizējais 17:00 - IZLAIŽAM
[2025-07-31 17:00:01] [INFO] --- Apstrādā šablonu #2: Nedēļas tīrīšana M2 ---
[2025-07-31 17:00:01] [INFO] Laika neatbilstība: plānots 16:00:00, pašreizējais 17:00 - IZLAIŽAM
[2025-07-31 17:00:01] [INFO] === APSTRĀDE PABEIGTA ===
[2025-07-31 17:00:01] [INFO] Apstrādāti: 4 šabloni
[2025-07-31 17:00:01] [INFO] Izveidoti: 0 uzdevumi
[2025-07-31 17:00:01] [INFO] Izlaisti: 4 šabloni
[2025-07-31 17:00:01] [INFO] =============================
[2025-07-31 18:00:01] [INFO] === SĀKAS REGULĀRO UZDEVUMU APSTRĀDE ===
[2025-07-31 18:00:01] [INFO] Pašreizējais laiks: 2025-07-31 18:00:01
[2025-07-31 18:00:01] [INFO] Atrasti 4 aktīvi regulārie šabloni
[2025-07-31 18:00:01] [INFO] --- Apstrādā šablonu #3: Mēneša drošības pārbaude ---
[2025-07-31 18:00:01] [INFO] Laika neatbilstība: plānots 09:00:00, pašreizējais 18:00 - IZLAIŽAM
[2025-07-31 18:00:01] [INFO] --- Apstrādā šablonu #4: Ceturkšņa kalibrēšana ---
[2025-07-31 18:00:01] [INFO] Laika neatbilstība: plānots 10:00:00, pašreizējais 18:00 - IZLAIŽAM
[2025-07-31 18:00:01] [INFO] --- Apstrādā šablonu #6: Iet uz WC ---
[2025-07-31 18:00:01] [INFO] Laika neatbilstība: plānots 09:00:00, pašreizējais 18:00 - IZLAIŽAM
[2025-07-31 18:00:01] [INFO] --- Apstrādā šablonu #2: Nedēļas tīrīšana M2 ---
[2025-07-31 18:00:01] [INFO] Laika neatbilstība: plānots 16:00:00, pašreizējais 18:00 - IZLAIŽAM
[2025-07-31 18:00:01] [INFO] === APSTRĀDE PABEIGTA ===
[2025-07-31 18:00:01] [INFO] Apstrādāti: 4 šabloni
[2025-07-31 18:00:01] [INFO] Izveidoti: 0 uzdevumi
[2025-07-31 18:00:01] [INFO] Izlaisti: 4 šabloni
[2025-07-31 18:00:01] [INFO] =============================
[2025-07-31 19:00:01] [INFO] === SĀKAS REGULĀRO UZDEVUMU APSTRĀDE ===
[2025-07-31 19:00:01] [INFO] Pašreizējais laiks: 2025-07-31 19:00:01
[2025-07-31 19:00:01] [INFO] Atrasti 4 aktīvi regulārie šabloni
[2025-07-31 19:00:01] [INFO] --- Apstrādā šablonu #3: Mēneša drošības pārbaude ---
[2025-07-31 19:00:01] [INFO] Laika neatbilstība: plānots 09:00:00, pašreizējais 19:00 - IZLAIŽAM
[2025-07-31 19:00:01] [INFO] --- Apstrādā šablonu #4: Ceturkšņa kalibrēšana ---
[2025-07-31 19:00:01] [INFO] Laika neatbilstība: plānots 10:00:00, pašreizējais 19:00 - IZLAIŽAM
[2025-07-31 19:00:01] [INFO] --- Apstrādā šablonu #6: Iet uz WC ---
[2025-07-31 19:00:01] [INFO] Laika neatbilstība: plānots 09:00:00, pašreizējais 19:00 - IZLAIŽAM
[2025-07-31 19:00:01] [INFO] --- Apstrādā šablonu #2: Nedēļas tīrīšana M2 ---
[2025-07-31 19:00:01] [INFO] Laika neatbilstība: plānots 16:00:00, pašreizējais 19:00 - IZLAIŽAM
[2025-07-31 19:00:01] [INFO] === APSTRĀDE PABEIGTA ===
[2025-07-31 19:00:01] [INFO] Apstrādāti: 4 šabloni
[2025-07-31 19:00:01] [INFO] Izveidoti: 0 uzdevumi
[2025-07-31 19:00:01] [INFO] Izlaisti: 4 šabloni
[2025-07-31 19:00:01] [INFO] =============================
[2025-07-31 20:00:01] [INFO] === SĀKAS REGULĀRO UZDEVUMU APSTRĀDE ===
[2025-07-31 20:00:01] [INFO] Pašreizējais laiks: 2025-07-31 20:00:01
[2025-07-31 20:00:01] [INFO] Atrasti 4 aktīvi regulārie šabloni
[2025-07-31 20:00:01] [INFO] --- Apstrādā šablonu #3: Mēneša drošības pārbaude ---
[2025-07-31 20:00:01] [INFO] Laika neatbilstība: plānots 09:00:00, pašreizējais 20:00 - IZLAIŽAM
[2025-07-31 20:00:01] [INFO] --- Apstrādā šablonu #4: Ceturkšņa kalibrēšana ---
[2025-07-31 20:00:01] [INFO] Laika neatbilstība: plānots 10:00:00, pašreizējais 20:00 - IZLAIŽAM
[2025-07-31 20:00:01] [INFO] --- Apstrādā šablonu #6: Iet uz WC ---
[2025-07-31 20:00:01] [INFO] Laika neatbilstība: plānots 09:00:00, pašreizējais 20:00 - IZLAIŽAM
[2025-07-31 20:00:01] [INFO] --- Apstrādā šablonu #2: Nedēļas tīrīšana M2 ---
[2025-07-31 20:00:01] [INFO] Laika neatbilstība: plānots 16:00:00, pašreizējais 20:00 - IZLAIŽAM
[2025-07-31 20:00:01] [INFO] === APSTRĀDE PABEIGTA ===
[2025-07-31 20:00:01] [INFO] Apstrādāti: 4 šabloni
[2025-07-31 20:00:01] [INFO] Izveidoti: 0 uzdevumi
[2025-07-31 20:00:01] [INFO] Izlaisti: 4 šabloni
[2025-07-31 20:00:01] [INFO] =============================
[2025-07-31 21:00:01] [INFO] === SĀKAS REGULĀRO UZDEVUMU APSTRĀDE ===
[2025-07-31 21:00:01] [INFO] Pašreizējais laiks: 2025-07-31 21:00:01
[2025-07-31 21:00:01] [INFO] Atrasti 4 aktīvi regulārie šabloni
[2025-07-31 21:00:01] [INFO] --- Apstrādā šablonu #3: Mēneša drošības pārbaude ---
[2025-07-31 21:00:01] [INFO] Laika neatbilstība: plānots 09:00:00, pašreizējais 21:00 - IZLAIŽAM
[2025-07-31 21:00:01] [INFO] --- Apstrādā šablonu #4: Ceturkšņa kalibrēšana ---
[2025-07-31 21:00:01] [INFO] Laika neatbilstība: plānots 10:00:00, pašreizējais 21:00 - IZLAIŽAM
[2025-07-31 21:00:01] [INFO] --- Apstrādā šablonu #6: Iet uz WC ---
[2025-07-31 21:00:01] [INFO] Laika neatbilstība: plānots 09:00:00, pašreizējais 21:00 - IZLAIŽAM
[2025-07-31 21:00:01] [INFO] --- Apstrādā šablonu #2: Nedēļas tīrīšana M2 ---
[2025-07-31 21:00:01] [INFO] Laika neatbilstība: plānots 16:00:00, pašreizējais 21:00 - IZLAIŽAM
[2025-07-31 21:00:01] [INFO] === APSTRĀDE PABEIGTA ===
[2025-07-31 21:00:01] [INFO] Apstrādāti: 4 šabloni
[2025-07-31 21:00:01] [INFO] Izveidoti: 0 uzdevumi
[2025-07-31 21:00:01] [INFO] Izlaisti: 4 šabloni
[2025-07-31 21:00:01] [INFO] =============================
[2025-07-31 22:00:01] [INFO] === SĀKAS REGULĀRO UZDEVUMU APSTRĀDE ===
[2025-07-31 22:00:01] [INFO] Pašreizējais laiks: 2025-07-31 22:00:01
[2025-07-31 22:00:01] [INFO] Atrasti 4 aktīvi regulārie šabloni
[2025-07-31 22:00:01] [INFO] --- Apstrādā šablonu #3: Mēneša drošības pārbaude ---
[2025-07-31 22:00:01] [INFO] Laika neatbilstība: plānots 09:00:00, pašreizējais 22:00 - IZLAIŽAM
[2025-07-31 22:00:01] [INFO] --- Apstrādā šablonu #4: Ceturkšņa kalibrēšana ---
[2025-07-31 22:00:01] [INFO] Laika neatbilstība: plānots 10:00:00, pašreizējais 22:00 - IZLAIŽAM
[2025-07-31 22:00:01] [INFO] --- Apstrādā šablonu #6: Iet uz WC ---
[2025-07-31 22:00:01] [INFO] Laika neatbilstība: plānots 09:00:00, pašreizējais 22:00 - IZLAIŽAM
[2025-07-31 22:00:01] [INFO] --- Apstrādā šablonu #2: Nedēļas tīrīšana M2 ---
[2025-07-31 22:00:01] [INFO] Laika neatbilstība: plānots 16:00:00, pašreizējais 22:00 - IZLAIŽAM
[2025-07-31 22:00:01] [INFO] === APSTRĀDE PABEIGTA ===
[2025-07-31 22:00:01] [INFO] Apstrādāti: 4 šabloni
[2025-07-31 22:00:01] [INFO] Izveidoti: 0 uzdevumi
[2025-07-31 22:00:01] [INFO] Izlaisti: 4 šabloni
[2025-07-31 22:00:01] [INFO] =============================
[2025-07-31 23:00:01] [INFO] === SĀKAS REGULĀRO UZDEVUMU APSTRĀDE ===
[2025-07-31 23:00:01] [INFO] Pašreizējais laiks: 2025-07-31 23:00:01
[2025-07-31 23:00:01] [INFO] Atrasti 4 aktīvi regulārie šabloni
[2025-07-31 23:00:01] [INFO] --- Apstrādā šablonu #3: Mēneša drošības pārbaude ---
[2025-07-31 23:00:01] [INFO] Laika neatbilstība: plānots 09:00:00, pašreizējais 23:00 - IZLAIŽAM
[2025-07-31 23:00:01] [INFO] --- Apstrādā šablonu #4: Ceturkšņa kalibrēšana ---
[2025-07-31 23:00:01] [INFO] Laika neatbilstība: plānots 10:00:00, pašreizējais 23:00 - IZLAIŽAM
[2025-07-31 23:00:01] [INFO] --- Apstrādā šablonu #6: Iet uz WC ---
[2025-07-31 23:00:01] [INFO] Laika neatbilstība: plānots 09:00:00, pašreizējais 23:00 - IZLAIŽAM
[2025-07-31 23:00:01] [INFO] --- Apstrādā šablonu #2: Nedēļas tīrīšana M2 ---
[2025-07-31 23:00:01] [INFO] Laika neatbilstība: plānots 16:00:00, pašreizējais 23:00 - IZLAIŽAM
[2025-07-31 23:00:01] [INFO] === APSTRĀDE PABEIGTA ===
[2025-07-31 23:00:01] [INFO] Apstrādāti: 4 šabloni
[2025-07-31 23:00:01] [INFO] Izveidoti: 0 uzdevumi
[2025-07-31 23:00:01] [INFO] Izlaisti: 4 šabloni
[2025-07-31 23:00:01] [INFO] =============================
[2025-08-01 00:00:01] [INFO] === SĀKAS REGULĀRO UZDEVUMU APSTRĀDE ===
[2025-08-01 00:00:01] [INFO] Pašreizējais laiks: 2025-08-01 00:00:01
[2025-08-01 00:00:01] [INFO] Atrasti 4 aktīvi regulārie šabloni
[2025-08-01 00:00:01] [INFO] --- Apstrādā šablonu #3: Mēneša drošības pārbaude ---
[2025-08-01 00:00:01] [INFO] Laika neatbilstība: plānots 09:00:00, pašreizējais 00:00 - IZLAIŽAM
[2025-08-01 00:00:01] [INFO] --- Apstrādā šablonu #4: Ceturkšņa kalibrēšana ---
[2025-08-01 00:00:01] [INFO] Laika neatbilstība: plānots 10:00:00, pašreizējais 00:00 - IZLAIŽAM
[2025-08-01 00:00:01] [INFO] --- Apstrādā šablonu #6: Iet uz WC ---
[2025-08-01 00:00:01] [INFO] Laika neatbilstība: plānots 09:00:00, pašreizējais 00:00 - IZLAIŽAM
[2025-08-01 00:00:01] [INFO] --- Apstrādā šablonu #2: Nedēļas tīrīšana M2 ---
[2025-08-01 00:00:01] [INFO] Laika neatbilstība: plānots 16:00:00, pašreizējais 00:00 - IZLAIŽAM
[2025-08-01 00:00:01] [INFO] === APSTRĀDE PABEIGTA ===
[2025-08-01 00:00:01] [INFO] Apstrādāti: 4 šabloni
[2025-08-01 00:00:01] [INFO] Izveidoti: 0 uzdevumi
[2025-08-01 00:00:01] [INFO] Izlaisti: 4 šabloni
[2025-08-01 00:00:01] [INFO] =============================
[2025-08-01 01:00:01] [INFO] === SĀKAS REGULĀRO UZDEVUMU APSTRĀDE ===
[2025-08-01 01:00:01] [INFO] Pašreizējais laiks: 2025-08-01 01:00:01
[2025-08-01 01:00:01] [INFO] Atrasti 4 aktīvi regulārie šabloni
[2025-08-01 01:00:01] [INFO] --- Apstrādā šablonu #3: Mēneša drošības pārbaude ---
[2025-08-01 01:00:01] [INFO] Laika neatbilstība: plānots 09:00:00, pašreizējais 01:00 - IZLAIŽAM
[2025-08-01 01:00:01] [INFO] --- Apstrādā šablonu #4: Ceturkšņa kalibrēšana ---
[2025-08-01 01:00:01] [INFO] Laika neatbilstība: plānots 10:00:00, pašreizējais 01:00 - IZLAIŽAM
[2025-08-01 01:00:01] [INFO] --- Apstrādā šablonu #6: Iet uz WC ---
[2025-08-01 01:00:01] [INFO] Laika neatbilstība: plānots 09:00:00, pašreizējais 01:00 - IZLAIŽAM
[2025-08-01 01:00:01] [INFO] --- Apstrādā šablonu #2: Nedēļas tīrīšana M2 ---
[2025-08-01 01:00:01] [INFO] Laika neatbilstība: plānots 16:00:00, pašreizējais 01:00 - IZLAIŽAM
[2025-08-01 01:00:01] [INFO] === APSTRĀDE PABEIGTA ===
[2025-08-01 01:00:01] [INFO] Apstrādāti: 4 šabloni
[2025-08-01 01:00:01] [INFO] Izveidoti: 0 uzdevumi
[2025-08-01 01:00:01] [INFO] Izlaisti: 4 šabloni
[2025-08-01 01:00:01] [INFO] =============================
[2025-08-01 02:00:01] [INFO] === SĀKAS REGULĀRO UZDEVUMU APSTRĀDE ===
[2025-08-01 02:00:01] [INFO] Pašreizējais laiks: 2025-08-01 02:00:01
[2025-08-01 02:00:01] [INFO] Atrasti 4 aktīvi regulārie šabloni
[2025-08-01 02:00:01] [INFO] --- Apstrādā šablonu #3: Mēneša drošības pārbaude ---
[2025-08-01 02:00:01] [INFO] Laika neatbilstība: plānots 09:00:00, pašreizējais 02:00 - IZLAIŽAM
[2025-08-01 02:00:01] [INFO] --- Apstrādā šablonu #4: Ceturkšņa kalibrēšana ---
[2025-08-01 02:00:01] [INFO] Laika neatbilstība: plānots 10:00:00, pašreizējais 02:00 - IZLAIŽAM
[2025-08-01 02:00:01] [INFO] --- Apstrādā šablonu #6: Iet uz WC ---
[2025-08-01 02:00:01] [INFO] Laika neatbilstība: plānots 09:00:00, pašreizējais 02:00 - IZLAIŽAM
[2025-08-01 02:00:01] [INFO] --- Apstrādā šablonu #2: Nedēļas tīrīšana M2 ---
[2025-08-01 02:00:01] [INFO] Laika neatbilstība: plānots 16:00:00, pašreizējais 02:00 - IZLAIŽAM
[2025-08-01 02:00:01] [INFO] === APSTRĀDE PABEIGTA ===
[2025-08-01 02:00:01] [INFO] Apstrādāti: 4 šabloni
[2025-08-01 02:00:01] [INFO] Izveidoti: 0 uzdevumi
[2025-08-01 02:00:01] [INFO] Izlaisti: 4 šabloni
[2025-08-01 02:00:01] [INFO] =============================
[2025-08-01 03:00:01] [INFO] === SĀKAS REGULĀRO UZDEVUMU APSTRĀDE ===
[2025-08-01 03:00:01] [INFO] Pašreizējais laiks: 2025-08-01 03:00:01
[2025-08-01 03:00:01] [INFO] Atrasti 4 aktīvi regulārie šabloni
[2025-08-01 03:00:01] [INFO] --- Apstrādā šablonu #3: Mēneša drošības pārbaude ---
[2025-08-01 03:00:01] [INFO] Laika neatbilstība: plānots 09:00:00, pašreizējais 03:00 - IZLAIŽAM
[2025-08-01 03:00:01] [INFO] --- Apstrādā šablonu #4: Ceturkšņa kalibrēšana ---
[2025-08-01 03:00:01] [INFO] Laika neatbilstība: plānots 10:00:00, pašreizējais 03:00 - IZLAIŽAM
[2025-08-01 03:00:01] [INFO] --- Apstrādā šablonu #6: Iet uz WC ---
[2025-08-01 03:00:01] [INFO] Laika neatbilstība: plānots 09:00:00, pašreizējais 03:00 - IZLAIŽAM
[2025-08-01 03:00:01] [INFO] --- Apstrādā šablonu #2: Nedēļas tīrīšana M2 ---
[2025-08-01 03:00:01] [INFO] Laika neatbilstība: plānots 16:00:00, pašreizējais 03:00 - IZLAIŽAM
[2025-08-01 03:00:01] [INFO] === APSTRĀDE PABEIGTA ===
[2025-08-01 03:00:01] [INFO] Apstrādāti: 4 šabloni
[2025-08-01 03:00:01] [INFO] Izveidoti: 0 uzdevumi
[2025-08-01 03:00:01] [INFO] Izlaisti: 4 šabloni
[2025-08-01 03:00:01] [INFO] =============================
[2025-08-01 04:00:01] [INFO] === SĀKAS REGULĀRO UZDEVUMU APSTRĀDE ===
[2025-08-01 04:00:01] [INFO] Pašreizējais laiks: 2025-08-01 04:00:01
[2025-08-01 04:00:01] [INFO] Atrasti 4 aktīvi regulārie šabloni
[2025-08-01 04:00:01] [INFO] --- Apstrādā šablonu #3: Mēneša drošības pārbaude ---
[2025-08-01 04:00:01] [INFO] Laika neatbilstība: plānots 09:00:00, pašreizējais 04:00 - IZLAIŽAM
[2025-08-01 04:00:01] [INFO] --- Apstrādā šablonu #4: Ceturkšņa kalibrēšana ---
[2025-08-01 04:00:01] [INFO] Laika neatbilstība: plānots 10:00:00, pašreizējais 04:00 - IZLAIŽAM
[2025-08-01 04:00:01] [INFO] --- Apstrādā šablonu #6: Iet uz WC ---
[2025-08-01 04:00:01] [INFO] Laika neatbilstība: plānots 09:00:00, pašreizējais 04:00 - IZLAIŽAM
[2025-08-01 04:00:01] [INFO] --- Apstrādā šablonu #2: Nedēļas tīrīšana M2 ---
[2025-08-01 04:00:01] [INFO] Laika neatbilstība: plānots 16:00:00, pašreizējais 04:00 - IZLAIŽAM
[2025-08-01 04:00:01] [INFO] === APSTRĀDE PABEIGTA ===
[2025-08-01 04:00:01] [INFO] Apstrādāti: 4 šabloni
[2025-08-01 04:00:01] [INFO] Izveidoti: 0 uzdevumi
[2025-08-01 04:00:01] [INFO] Izlaisti: 4 šabloni
[2025-08-01 04:00:01] [INFO] =============================
[2025-08-01 05:00:01] [INFO] === SĀKAS REGULĀRO UZDEVUMU APSTRĀDE ===
[2025-08-01 05:00:01] [INFO] Pašreizējais laiks: 2025-08-01 05:00:01
[2025-08-01 05:00:01] [INFO] Atrasti 4 aktīvi regulārie šabloni
[2025-08-01 05:00:01] [INFO] --- Apstrādā šablonu #3: Mēneša drošības pārbaude ---
[2025-08-01 05:00:01] [INFO] Laika neatbilstība: plānots 09:00:00, pašreizējais 05:00 - IZLAIŽAM
[2025-08-01 05:00:01] [INFO] --- Apstrādā šablonu #4: Ceturkšņa kalibrēšana ---
[2025-08-01 05:00:01] [INFO] Laika neatbilstība: plānots 10:00:00, pašreizējais 05:00 - IZLAIŽAM
[2025-08-01 05:00:01] [INFO] --- Apstrādā šablonu #6: Iet uz WC ---
[2025-08-01 05:00:01] [INFO] Laika neatbilstība: plānots 09:00:00, pašreizējais 05:00 - IZLAIŽAM
[2025-08-01 05:00:01] [INFO] --- Apstrādā šablonu #2: Nedēļas tīrīšana M2 ---
[2025-08-01 05:00:01] [INFO] Laika neatbilstība: plānots 16:00:00, pašreizējais 05:00 - IZLAIŽAM
[2025-08-01 05:00:01] [INFO] === APSTRĀDE PABEIGTA ===
[2025-08-01 05:00:01] [INFO] Apstrādāti: 4 šabloni
[2025-08-01 05:00:01] [INFO] Izveidoti: 0 uzdevumi
[2025-08-01 05:00:01] [INFO] Izlaisti: 4 šabloni
[2025-08-01 05:00:01] [INFO] =============================
[2025-08-01 06:00:01] [INFO] === SĀKAS REGULĀRO UZDEVUMU APSTRĀDE ===
[2025-08-01 06:00:01] [INFO] Pašreizējais laiks: 2025-08-01 06:00:01
[2025-08-01 06:00:01] [INFO] Atrasti 4 aktīvi regulārie šabloni
[2025-08-01 06:00:01] [INFO] --- Apstrādā šablonu #3: Mēneša drošības pārbaude ---
[2025-08-01 06:00:01] [INFO] Laika neatbilstība: plānots 09:00:00, pašreizējais 06:00 - IZLAIŽAM
[2025-08-01 06:00:01] [INFO] --- Apstrādā šablonu #4: Ceturkšņa kalibrēšana ---
[2025-08-01 06:00:01] [INFO] Laika neatbilstība: plānots 10:00:00, pašreizējais 06:00 - IZLAIŽAM
[2025-08-01 06:00:01] [INFO] --- Apstrādā šablonu #6: Iet uz WC ---
[2025-08-01 06:00:01] [INFO] Laika neatbilstība: plānots 09:00:00, pašreizējais 06:00 - IZLAIŽAM
[2025-08-01 06:00:01] [INFO] --- Apstrādā šablonu #2: Nedēļas tīrīšana M2 ---
[2025-08-01 06:00:01] [INFO] Laika neatbilstība: plānots 16:00:00, pašreizējais 06:00 - IZLAIŽAM
[2025-08-01 06:00:01] [INFO] === APSTRĀDE PABEIGTA ===
[2025-08-01 06:00:01] [INFO] Apstrādāti: 4 šabloni
[2025-08-01 06:00:01] [INFO] Izveidoti: 0 uzdevumi
[2025-08-01 06:00:01] [INFO] Izlaisti: 4 šabloni
[2025-08-01 06:00:01] [INFO] =============================
[2025-08-01 07:00:01] [INFO] === SĀKAS REGULĀRO UZDEVUMU APSTRĀDE ===
[2025-08-01 07:00:01] [INFO] Pašreizējais laiks: 2025-08-01 07:00:01
[2025-08-01 07:00:01] [INFO] Atrasti 4 aktīvi regulārie šabloni
[2025-08-01 07:00:01] [INFO] --- Apstrādā šablonu #3: Mēneša drošības pārbaude ---
[2025-08-01 07:00:01] [INFO] Laika neatbilstība: plānots 09:00:00, pašreizējais 07:00 - IZLAIŽAM
[2025-08-01 07:00:01] [INFO] --- Apstrādā šablonu #4: Ceturkšņa kalibrēšana ---
[2025-08-01 07:00:01] [INFO] Laika neatbilstība: plānots 10:00:00, pašreizējais 07:00 - IZLAIŽAM
[2025-08-01 07:00:01] [INFO] --- Apstrādā šablonu #6: Iet uz WC ---
[2025-08-01 07:00:01] [INFO] Laika neatbilstība: plānots 09:00:00, pašreizējais 07:00 - IZLAIŽAM
[2025-08-01 07:00:01] [INFO] --- Apstrādā šablonu #2: Nedēļas tīrīšana M2 ---
[2025-08-01 07:00:01] [INFO] Laika neatbilstība: plānots 16:00:00, pašreizējais 07:00 - IZLAIŽAM
[2025-08-01 07:00:01] [INFO] === APSTRĀDE PABEIGTA ===
[2025-08-01 07:00:01] [INFO] Apstrādāti: 4 šabloni
[2025-08-01 07:00:01] [INFO] Izveidoti: 0 uzdevumi
[2025-08-01 07:00:01] [INFO] Izlaisti: 4 šabloni
[2025-08-01 07:00:01] [INFO] =============================
